<?xml version="1.0" encoding="UTF-8"?>
<!-- Generated by org.testng.reporters.JUnitReportReporter -->
<testsuite hostname="gank" name="auto.interfaces.sunmiPayDemo" tests="1" failures="1" timestamp="20 Jan 2017 02:25:59 GMT" time="58.188" errors="0">
  <testcase name="sunmi_setting_tests" time="58.188" classname="auto.interfaces.sunmiPayDemo">
    <failure type="org.openqa.selenium.NoSuchElementException" message="An element could not be located on the page using the given search parameters. (WARNING: The server did not provide any stacktrace information)
Command duration or timeout: 55 milliseconds
For documentation on this error, please visit: http://seleniumhq.org/exceptions/no_such_element.html
Build info: version: &#039;2.53.0&#039;, revision: &#039;35ae25b&#039;, time: &#039;2016-03-15 17:00:58&#039;
System info: host: &#039;gank&#039;, ip: &#039;192.168.56.1&#039;, os.name: &#039;Windows 8.1&#039;, os.arch: &#039;amd64&#039;, os.version: &#039;6.3&#039;, java.version: &#039;1.7.0_60&#039;
*** Element info: {Using=id, value=com.blanks.test.demo:id/tv_save_key_result}
Session ID: bcf019d6-48a8-4545-b8f3-31542c6ebca0
Driver info: io.appium.java_client.android.AndroidDriver
Capabilities [{platform=LINUX, app=D:\Users\dell\workspace\demo\apps\SunmiPayTestDemo.apk, javascriptEnabled=true, appActivity=com.blanks.test.demo.MainActivity, browserName=Android, networkConnectionEnabled=true, noSign=true, desired={app=D:\Users\dell\workspace\demo\apps\SunmiPayTestDemo.apk, platformVersion=6.3, deviceName=sunmi-p1-V20116BQ00066, platformName=Android, appActivity=com.blanks.test.demo.MainActivity, unicodeKeyboard=true, noSign=true, resetKeyboard=true, noReset=true}, locationContextEnabled=false, noReset=true, platformVersion=6.0, databaseEnabled=false, deviceName=V20116BQ00066, platformName=Android, webStorageEnabled=false, unicodeKeyboard=true, resetKeyboard=true, warnings={}, takesScreenshot=true}]">
      <![CDATA[org.openqa.selenium.NoSuchElementException: An element could not be located on the page using the given search parameters. (WARNING: The server did not provide any stacktrace information)
Command duration or timeout: 55 milliseconds
For documentation on this error, please visit: http://seleniumhq.org/exceptions/no_such_element.html
Build info: version: '2.53.0', revision: '35ae25b', time: '2016-03-15 17:00:58'
System info: host: 'gank', ip: '192.168.56.1', os.name: 'Windows 8.1', os.arch: 'amd64', os.version: '6.3', java.version: '1.7.0_60'
*** Element info: {Using=id, value=com.blanks.test.demo:id/tv_save_key_result}
Session ID: bcf019d6-48a8-4545-b8f3-31542c6ebca0
Driver info: io.appium.java_client.android.AndroidDriver
Capabilities [{platform=LINUX, app=D:\Users\dell\workspace\demo\apps\SunmiPayTestDemo.apk, javascriptEnabled=true, appActivity=com.blanks.test.demo.MainActivity, browserName=Android, networkConnectionEnabled=true, noSign=true, desired={app=D:\Users\dell\workspace\demo\apps\SunmiPayTestDemo.apk, platformVersion=6.3, deviceName=sunmi-p1-V20116BQ00066, platformName=Android, appActivity=com.blanks.test.demo.MainActivity, unicodeKeyboard=true, noSign=true, resetKeyboard=true, noReset=true}, locationContextEnabled=false, noReset=true, platformVersion=6.0, databaseEnabled=false, deviceName=V20116BQ00066, platformName=Android, webStorageEnabled=false, unicodeKeyboard=true, resetKeyboard=true, warnings={}, takesScreenshot=true}]
	at sun.reflect.NativeConstructorAccessorImpl.newInstance0(Native Method)
	at sun.reflect.NativeConstructorAccessorImpl.newInstance(NativeConstructorAccessorImpl.java:57)
	at sun.reflect.DelegatingConstructorAccessorImpl.newInstance(DelegatingConstructorAccessorImpl.java:45)
	at java.lang.reflect.Constructor.newInstance(Constructor.java:526)
	at org.openqa.selenium.remote.ErrorHandler.createThrowable(ErrorHandler.java:206)
	at org.openqa.selenium.remote.ErrorHandler.throwIfResponseFailed(ErrorHandler.java:158)
	at org.openqa.selenium.remote.RemoteWebDriver.execute(RemoteWebDriver.java:678)
	at io.appium.java_client.DefaultGenericMobileDriver.execute(DefaultGenericMobileDriver.java:43)
	at io.appium.java_client.AppiumDriver.execute(AppiumDriver.java:1)
	at io.appium.java_client.android.AndroidDriver.execute(AndroidDriver.java:1)
	at org.openqa.selenium.remote.RemoteWebDriver.findElement(RemoteWebDriver.java:363)
	at org.openqa.selenium.remote.RemoteWebDriver.findElementById(RemoteWebDriver.java:413)
	at io.appium.java_client.DefaultGenericMobileDriver.findElementById(DefaultGenericMobileDriver.java:59)
	at io.appium.java_client.AppiumDriver.findElementById(AppiumDriver.java:1)
	at io.appium.java_client.android.AndroidDriver.findElementById(AndroidDriver.java:1)
	at org.openqa.selenium.By$ById.findElement(By.java:218)
	at org.openqa.selenium.remote.RemoteWebDriver.findElement(RemoteWebDriver.java:355)
	at io.appium.java_client.DefaultGenericMobileDriver.findElement(DefaultGenericMobileDriver.java:51)
	at io.appium.java_client.AppiumDriver.findElement(AppiumDriver.java:1)
	at io.appium.java_client.android.AndroidDriver.findElement(AndroidDriver.java:1)
	at auto.interfaces.sunmiPayDemo.saveKeys(sunmiPayDemo.java:79)
	at auto.interfaces.sunmiPayDemo.sunmi_setting_tests(sunmiPayDemo.java:53)
	at sun.reflect.NativeMethodAccessorImpl.invoke0(Native Method)
	at sun.reflect.NativeMethodAccessorImpl.invoke(NativeMethodAccessorImpl.java:57)
	at sun.reflect.DelegatingMethodAccessorImpl.invoke(DelegatingMethodAccessorImpl.java:43)
	at java.lang.reflect.Method.invoke(Method.java:606)
	at org.testng.internal.MethodInvocationHelper.invokeMethod(MethodInvocationHelper.java:84)
	at org.testng.internal.InvokeMethodRunnable.runOne(InvokeMethodRunnable.java:46)
	at org.testng.internal.InvokeMethodRunnable.run(InvokeMethodRunnable.java:37)
	at java.util.concurrent.Executors$RunnableAdapter.call(Executors.java:471)
	at java.util.concurrent.FutureTask.run(FutureTask.java:262)
	at java.util.concurrent.ThreadPoolExecutor.runWorker(ThreadPoolExecutor.java:1145)
	at java.util.concurrent.ThreadPoolExecutor$Worker.run(ThreadPoolExecutor.java:615)
	at java.lang.Thread.run(Thread.java:745)
]]>
    </failure>
  </testcase> <!-- sunmi_setting_tests -->
</testsuite> <!-- auto.interfaces.sunmiPayDemo -->
